number,value,datetime_start,datetime_complete,duration,params_eff_l2_leaf_reg,params_eff_learning_rate,params_eff_max_depth,params_eff_n_estimators,params_eff_random_strength,params_out_l2_leaf_reg,params_out_learning_rate,params_out_max_depth,params_out_n_estimators,params_prop_l2_leaf_reg,params_prop_learning_rate,params_prop_max_depth,params_prop_n_estimators,state
0,0.03846362491523783,2026-07-20 15:42:27.177496,2026-07-20 15:42:33.064785,0 days 00:00:05.887289,15.0,0.04,6,100,0.0,3.0,0.04,7,100,15.0,0.05,4,150,COMPLETE
1,0.03603396603396604,2026-07-20 15:42:33.194660,2026-07-20 15:42:39.303547,0 days 00:00:06.108887,20.0,0.05,3,100,2.0,5.0,0.04,8,100,25.0,0.03,5,100,COMPLETE
2,0.028642006684842042,2026-07-20 15:42:39.420934,2026-07-20 15:42:45.603281,0 days 00:00:06.182347,15.0,0.03,5,50,2.0,3.0,0.05,8,100,10.0,0.03,5,150,COMPLETE
3,0.033968032548677696,2026-07-20 15:42:45.722122,2026-07-20 15:42:52.207582,0 days 00:00:06.485460,20.0,0.02,5,150,0.5,9.0,0.06,8,100,20.0,0.04,5,100,COMPLETE
4,0.029267911200418537,2026-07-20 15:42:52.317876,2026-07-20 15:43:08.608250,0 days 00:00:16.290374,15.0,0.04,5,150,0.5,4.0,0.08,6,200,25.0,0.02,5,50,COMPLETE
5,0.04312647289866457,2026-07-20 15:43:08.715073,2026-07-20 15:43:14.503164,0 days 00:00:05.788091,15.0,0.02,5,50,1.5,4.0,0.06,5,150,20.0,0.05,3,150,COMPLETE
6,0.025472657896023418,2026-07-20 15:43:14.613529,2026-07-20 15:43:35.000353,0 days 00:00:20.386824,10.0,0.03,3,200,0.0,10.0,0.07,5,300,30.0,0.04,3,100,COMPLETE
7,0.03497679693718031,2026-07-20 15:43:35.105889,2026-07-20 15:44:05.378162,0 days 00:00:30.272273,10.0,0.02,6,100,1.5,2.0,0.08,8,300,15.0,0.01,4,50,COMPLETE
8,0.04170899200749571,2026-07-20 15:44:05.513998,2026-07-20 15:44:29.002366,0 days 00:00:23.488368,20.0,0.03,6,50,2.0,8.0,0.1,7,250,20.0,0.03,4,150,COMPLETE
9,0.022933643320740105,2026-07-20 15:44:29.137688,2026-07-20 15:44:48.298602,0 days 00:00:19.160914,5.0,0.01,5,50,0.5,7.0,0.04,6,250,10.0,0.03,5,150,COMPLETE
10,0.0329230934388455,2026-07-20 15:44:48.405066,2026-07-20 15:44:55.484376,0 days 00:00:07.079310,5.0,0.01,4,200,1.5,1.0,0.1,5,150,30.0,0.05,3,150,COMPLETE
11,0.04332959135950762,2026-07-20 15:44:55.590387,2026-07-20 15:45:13.691814,0 days 00:00:18.101427,20.0,0.02,6,50,1.5,7.0,0.1,7,200,20.0,0.04,3,150,COMPLETE
12,0.02743912283372313,2026-07-20 15:45:13.797331,2026-07-20 15:45:30.160404,0 days 00:00:16.363073,20.0,0.02,4,50,1.5,6.0,0.08,6,200,15.0,0.05,3,150,COMPLETE
13,0.03898023910148343,2026-07-20 15:45:30.306918,2026-07-20 15:45:36.982358,0 days 00:00:06.675440,15.0,0.02,6,50,1.0,6.0,0.06,7,150,25.0,0.04,3,100,COMPLETE
14,0.028625360768226138,2026-07-20 15:45:37.085383,2026-07-20 15:45:43.043538,0 days 00:00:05.958155,10.0,0.01,4,100,1.0,5.0,0.09,5,150,20.0,0.04,3,150,COMPLETE
15,0.04561554464381319,2026-07-20 15:45:43.149981,2026-07-20 15:45:58.861331,0 days 00:00:15.711350,20.0,0.02,6,50,1.5,7.0,0.03,6,200,25.0,0.05,3,100,COMPLETE
16,0.037836625979650096,2026-07-20 15:45:58.971229,2026-07-20 15:46:20.140111,0 days 00:00:21.168882,20.0,0.04,6,150,1.0,8.0,0.05,7,250,25.0,0.04,4,100,COMPLETE
17,0.0373805405131489,2026-07-20 15:46:20.286693,2026-07-20 15:46:36.766209,0 days 00:00:16.479516,20.0,0.01,6,100,1.5,7.0,0.03,6,200,30.0,0.02,3,50,COMPLETE
18,0.031579053130777246,2026-07-20 15:46:36.881066,2026-07-20 15:46:57.290513,0 days 00:00:20.409447,20.0,0.02,6,50,2.0,10.0,0.03,7,250,25.0,0.05,4,100,COMPLETE
19,0.037568534572737206,2026-07-20 15:46:57.400978,2026-07-20 15:47:13.356538,0 days 00:00:15.955560,15.0,0.03,5,100,1.5,8.0,0.09,6,200,15.0,0.04,3,100,COMPLETE
20,0.03702872963121703,2026-07-20 15:47:13.459910,2026-07-20 15:47:34.043390,0 days 00:00:20.583480,20.0,0.05,6,50,1.0,7.0,0.07,7,250,25.0,0.02,3,50,COMPLETE
21,0.03898100890664573,2026-07-20 15:47:34.188378,2026-07-20 15:47:39.702489,0 days 00:00:05.514111,15.0,0.02,5,50,1.5,4.0,0.05,5,150,20.0,0.05,3,150,COMPLETE
22,0.039084765115686995,2026-07-20 15:47:39.809330,2026-07-20 15:47:45.245067,0 days 00:00:05.435737,15.0,0.02,5,50,1.5,6.0,0.09,5,150,20.0,0.05,3,150,COMPLETE
23,0.03737454094204387,2026-07-20 15:47:45.390892,2026-07-20 15:48:01.440466,0 days 00:00:16.049574,20.0,0.01,6,50,1.0,4.0,0.06,6,200,20.0,0.05,4,150,COMPLETE
24,0.03685065072409929,2026-07-20 15:48:01.556970,2026-07-20 15:48:16.045514,0 days 00:00:14.488544,10.0,0.02,4,100,2.0,5.0,0.07,5,200,20.0,0.04,3,100,COMPLETE
25,0.038984580542646,2026-07-20 15:48:16.156404,2026-07-20 15:48:22.496935,0 days 00:00:06.340531,15.0,0.03,5,50,1.5,9.0,0.03,6,150,15.0,0.05,3,150,COMPLETE
26,0.03595884221026992,2026-07-20 15:48:22.602413,2026-07-20 15:48:29.444421,0 days 00:00:06.842008,20.0,0.02,6,100,1.0,7.0,0.05,7,150,25.0,0.04,3,100,COMPLETE
27,0.03814663808572284,2026-07-20 15:48:29.542204,2026-07-20 15:48:45.454798,0 days 00:00:15.912594,20.0,0.01,6,50,1.5,3.0,0.04,6,200,20.0,0.05,4,150,COMPLETE
28,0.031712285276203164,2026-07-20 15:48:45.583379,2026-07-20 15:49:00.535451,0 days 00:00:14.952072,15.0,0.03,5,150,2.0,6.0,0.1,5,200,30.0,0.04,3,100,COMPLETE
29,0.04107920722031877,2026-07-20 15:49:00.673278,2026-07-20 15:49:06.751431,0 days 00:00:06.078153,15.0,0.04,6,100,1.5,9.0,0.08,7,100,15.0,0.05,4,150,COMPLETE
30,0.03583320851240336,2026-07-20 15:49:06.866587,2026-07-20 15:49:12.651204,0 days 00:00:05.784617,10.0,0.02,4,50,1.0,2.0,0.06,6,150,25.0,0.05,4,50,COMPLETE
31,0.04170899200749571,2026-07-20 15:49:12.756708,2026-07-20 15:49:34.742455,0 days 00:00:21.985747,20.0,0.03,6,50,2.0,8.0,0.1,7,250,20.0,0.03,4,150,COMPLETE
32,0.040138475346762736,2026-07-20 15:49:34.883613,2026-07-20 15:49:56.429012,0 days 00:00:21.545399,20.0,0.03,6,50,2.0,8.0,0.09,7,250,20.0,0.03,3,150,COMPLETE
33,0.03937432245746747,2026-07-20 15:49:56.555019,2026-07-20 15:50:18.464486,0 days 00:00:21.909467,20.0,0.03,6,50,2.0,7.0,0.1,7,250,20.0,0.03,3,150,COMPLETE
34,0.03272690650048357,2026-07-20 15:50:18.610937,2026-07-20 15:50:48.882538,0 days 00:00:30.271601,20.0,0.02,3,100,2.0,5.0,0.09,8,300,15.0,0.03,4,100,COMPLETE
35,0.040879754138734015,2026-07-20 15:50:49.032219,2026-07-20 15:50:55.287769,0 days 00:00:06.255550,20.0,0.04,5,50,1.5,8.0,0.04,8,100,25.0,0.02,5,150,COMPLETE
36,0.038542989769289396,2026-07-20 15:50:55.404362,2026-07-20 15:51:13.093918,0 days 00:00:17.689556,20.0,0.03,6,50,2.0,9.0,0.1,7,200,10.0,0.04,5,150,COMPLETE
37,0.03982043148528108,2026-07-20 15:51:13.192409,2026-07-20 15:51:41.995228,0 days 00:00:28.802819,15.0,0.02,6,50,0.5,4.0,0.05,8,300,20.0,0.01,3,100,COMPLETE
38,0.04169330669330669,2026-07-20 15:51:42.128236,2026-07-20 15:51:58.555477,0 days 00:00:16.427241,15.0,0.04,5,100,0.0,5.0,0.08,6,200,25.0,0.03,3,100,COMPLETE
39,0.03749165441360919,2026-07-20 15:51:58.666256,2026-07-20 15:52:05.522151,0 days 00:00:06.855895,5.0,0.05,5,200,1.5,9.0,0.07,7,100,15.0,0.04,5,150,COMPLETE
40,0.026955237731023193,2026-07-20 15:52:05.640907,2026-07-20 15:52:23.269503,0 days 00:00:17.628596,20.0,0.01,3,50,2.0,2.0,0.09,5,250,20.0,0.02,3,150,COMPLETE
41,0.04170899200749571,2026-07-20 15:52:23.378581,2026-07-20 15:52:45.449334,0 days 00:00:22.070753,20.0,0.03,6,50,2.0,8.0,0.1,7,250,20.0,0.03,4,150,COMPLETE
42,0.03807621228679839,2026-07-20 15:52:45.597211,2026-07-20 15:53:08.089944,0 days 00:00:22.492733,20.0,0.03,6,50,2.0,7.0,0.1,7,250,20.0,0.03,4,150,COMPLETE
43,0.034732451667556966,2026-07-20 15:53:08.216500,2026-07-20 15:53:38.748794,0 days 00:00:30.532294,20.0,0.02,6,50,2.0,6.0,0.1,8,300,20.0,0.03,4,150,COMPLETE
44,0.034137326846175375,2026-07-20 15:53:38.887684,2026-07-20 15:54:00.729358,0 days 00:00:21.841674,20.0,0.04,6,50,1.5,8.0,0.09,7,250,25.0,0.04,4,150,COMPLETE
45,0.03613897942062266,2026-07-20 15:54:00.869238,2026-07-20 15:54:19.391860,0 days 00:00:18.522622,15.0,0.02,6,50,2.0,3.0,0.1,7,200,15.0,0.02,5,150,COMPLETE
46,0.03639263263873024,2026-07-20 15:54:19.500143,2026-07-20 15:54:35.455310,0 days 00:00:15.955167,20.0,0.03,6,150,1.5,10.0,0.08,6,200,20.0,0.03,3,100,COMPLETE
47,0.03683180699094807,2026-07-20 15:54:35.570300,2026-07-20 15:54:56.490797,0 days 00:00:20.920497,20.0,0.02,5,50,1.5,7.0,0.03,7,250,20.0,0.05,4,150,COMPLETE
48,0.033955943951138795,2026-07-20 15:54:56.621641,2026-07-20 15:55:22.233401,0 days 00:00:25.611760,20.0,0.03,6,100,2.0,8.0,0.09,7,300,30.0,0.03,4,100,COMPLETE
49,0.04485449585567754,2026-07-20 15:55:22.373471,2026-07-20 15:55:42.021174,0 days 00:00:19.647703,5.0,0.01,6,50,1.0,6.0,0.1,6,250,25.0,0.04,3,150,COMPLETE
50,0.030874091944157717,2026-07-20 15:55:42.125632,2026-07-20 15:55:57.324264,0 days 00:00:15.198632,5.0,0.01,6,50,0.5,6.0,0.05,6,200,25.0,0.04,3,100,COMPLETE
51,0.03617775072193269,2026-07-20 15:55:57.433173,2026-07-20 15:56:17.158240,0 days 00:00:19.725067,10.0,0.01,6,50,1.0,7.0,0.1,6,250,25.0,0.04,3,150,COMPLETE
52,0.037956366874443453,2026-07-20 15:56:17.266382,2026-07-20 15:56:37.428521,0 days 00:00:20.162139,5.0,0.01,6,50,1.0,7.0,0.1,6,250,20.0,0.05,3,150,COMPLETE
53,0.035173510417842335,2026-07-20 15:56:37.565138,2026-07-20 15:56:55.305401,0 days 00:00:17.740263,10.0,0.02,6,50,0.0,6.0,0.09,5,250,25.0,0.04,3,150,COMPLETE
54,0.03646795214724877,2026-07-20 15:56:55.407408,2026-07-20 15:57:12.552926,0 days 00:00:17.145518,5.0,0.01,6,50,1.5,8.0,0.07,7,200,20.0,0.05,3,150,COMPLETE
55,0.039818505280497796,2026-07-20 15:57:12.660995,2026-07-20 15:57:35.529488,0 days 00:00:22.868493,20.0,0.02,6,50,1.0,9.0,0.1,6,300,25.0,0.03,3,150,COMPLETE
56,0.03496363261899341,2026-07-20 15:57:35.677276,2026-07-20 15:57:41.650786,0 days 00:00:05.973510,15.0,0.04,5,100,0.5,6.0,0.1,5,150,30.0,0.05,3,150,COMPLETE
57,0.03365791961884648,2026-07-20 15:57:41.756745,2026-07-20 15:57:59.775103,0 days 00:00:18.018358,10.0,0.02,4,50,1.5,5.0,0.09,7,200,20.0,0.04,4,150,COMPLETE
58,0.038958617782092586,2026-07-20 15:57:59.881574,2026-07-20 15:58:19.448362,0 days 00:00:19.566788,15.0,0.03,5,50,1.5,4.0,0.08,6,250,25.0,0.03,3,150,COMPLETE
59,0.041324132806399655,2026-07-20 15:58:19.558220,2026-07-20 15:58:40.617649,0 days 00:00:21.059429,20.0,0.01,6,100,2.0,7.0,0.06,7,250,15.0,0.04,3,50,COMPLETE
60,0.03391209586741217,2026-07-20 15:58:40.753249,2026-07-20 15:58:46.779318,0 days 00:00:06.026069,20.0,0.03,6,50,1.5,8.0,0.04,5,150,25.0,0.05,4,150,COMPLETE
61,0.04170899200749571,2026-07-20 15:58:46.897171,2026-07-20 15:59:08.865519,0 days 00:00:21.968348,20.0,0.03,6,50,2.0,8.0,0.1,7,250,20.0,0.03,4,150,COMPLETE
62,0.04170899200749571,2026-07-20 15:59:08.987097,2026-07-20 15:59:30.808304,0 days 00:00:21.821207,20.0,0.03,6,50,2.0,8.0,0.1,7,250,20.0,0.03,4,150,COMPLETE
63,0.04520838357045254,2026-07-20 15:59:30.949774,2026-07-20 15:59:52.698964,0 days 00:00:21.749190,20.0,0.03,6,50,1.0,7.0,0.1,7,250,20.0,0.03,4,150,COMPLETE
64,0.04210202637105914,2026-07-20 15:59:52.834740,2026-07-20 16:00:14.552877,0 days 00:00:21.718137,20.0,0.02,6,50,1.0,7.0,0.09,7,250,20.0,0.02,4,150,COMPLETE
65,0.03885705023560604,2026-07-20 16:00:14.698782,2026-07-20 16:00:32.548983,0 days 00:00:17.850201,20.0,0.02,6,50,1.0,7.0,0.09,7,200,20.0,0.01,4,150,COMPLETE
66,0.037697934249658366,2026-07-20 16:00:32.664903,2026-07-20 16:00:52.240518,0 days 00:00:19.575615,20.0,0.02,6,50,1.0,6.0,0.09,6,250,15.0,0.02,3,150,COMPLETE
67,0.03100820745622626,2026-07-20 16:00:52.361952,2026-07-20 16:00:58.783286,0 days 00:00:06.421334,15.0,0.02,5,50,1.0,7.0,0.03,7,150,10.0,0.01,4,100,COMPLETE
68,0.033790383737980836,2026-07-20 16:00:58.900554,2026-07-20 16:01:19.414323,0 days 00:00:20.513769,20.0,0.02,6,50,1.0,6.0,0.09,8,200,20.0,0.02,3,150,COMPLETE
69,0.03684617754642981,2026-07-20 16:01:19.516639,2026-07-20 16:01:46.988691,0 days 00:00:27.472052,20.0,0.01,6,200,0.5,7.0,0.1,7,300,25.0,0.02,3,150,COMPLETE
70,0.04156697962590454,2026-07-20 16:01:47.146616,2026-07-20 16:02:06.688036,0 days 00:00:19.541420,10.0,0.02,6,100,1.0,5.0,0.1,6,250,20.0,0.05,4,100,COMPLETE
71,0.0412901277896309,2026-07-20 16:02:06.802355,2026-07-20 16:02:28.235735,0 days 00:00:21.433380,20.0,0.03,6,50,1.0,7.0,0.1,7,250,20.0,0.02,4,150,COMPLETE
72,0.03065872281983152,2026-07-20 16:02:28.380271,2026-07-20 16:02:50.077531,0 days 00:00:21.697260,20.0,0.03,6,50,0.5,9.0,0.1,7,250,20.0,0.03,4,150,COMPLETE
73,0.041654648979707984,2026-07-20 16:02:50.220836,2026-07-20 16:03:11.432416,0 days 00:00:21.211580,20.0,0.02,6,50,1.0,6.0,0.06,7,250,20.0,0.04,4,150,COMPLETE
74,0.04135962146562397,2026-07-20 16:03:11.549303,2026-07-20 16:03:17.134274,0 days 00:00:05.584971,20.0,0.04,6,50,1.0,1.0,0.1,7,100,20.0,0.03,5,150,COMPLETE
75,0.03969355135262917,2026-07-20 16:03:17.239027,2026-07-20 16:03:38.596930,0 days 00:00:21.357903,20.0,0.03,6,50,1.0,7.0,0.09,7,250,20.0,0.05,4,150,COMPLETE
76,0.03708026042088769,2026-07-20 16:03:38.722604,2026-07-20 16:04:00.285287,0 days 00:00:21.562683,15.0,0.02,6,50,1.5,8.0,0.1,8,200,20.0,0.03,4,150,COMPLETE
77,0.03859798065552894,2026-07-20 16:04:00.452774,2026-07-20 16:04:23.564996,0 days 00:00:23.112222,20.0,0.03,5,50,1.0,6.0,0.09,6,300,20.0,0.05,3,150,COMPLETE
78,0.039446185997910124,2026-07-20 16:04:23.692501,2026-07-20 16:04:41.266733,0 days 00:00:17.574232,20.0,0.02,6,50,1.5,7.0,0.08,7,200,20.0,0.03,4,100,COMPLETE
79,0.03596269959760223,2026-07-20 16:04:41.377408,2026-07-20 16:04:59.288360,0 days 00:00:17.910952,20.0,0.03,4,150,1.5,8.0,0.1,5,250,25.0,0.04,4,150,COMPLETE
80,0.03452991981929365,2026-07-20 16:04:59.391516,2026-07-20 16:05:21.186947,0 days 00:00:21.795431,15.0,0.02,6,50,1.5,5.0,0.1,7,250,15.0,0.02,3,150,COMPLETE
81,0.04245470914693014,2026-07-20 16:05:21.329028,2026-07-20 16:05:43.260193,0 days 00:00:21.931165,20.0,0.05,6,50,2.0,8.0,0.1,7,250,20.0,0.03,4,150,COMPLETE
82,0.04245470914693014,2026-07-20 16:05:43.393893,2026-07-20 16:06:05.069193,0 days 00:00:21.675300,20.0,0.05,6,50,2.0,8.0,0.1,7,250,20.0,0.03,4,150,COMPLETE
83,0.04245470914693014,2026-07-20 16:06:05.192604,2026-07-20 16:06:26.784977,0 days 00:00:21.592373,20.0,0.05,6,50,2.0,8.0,0.1,7,250,20.0,0.03,4,150,COMPLETE
84,0.04571242032594962,2026-07-20 16:06:26.925641,2026-07-20 16:06:48.714315,0 days 00:00:21.788674,20.0,0.05,6,50,2.0,7.0,0.1,7,250,20.0,0.03,4,150,COMPLETE
85,0.03912690576011876,2026-07-20 16:06:48.849355,2026-07-20 16:07:10.698920,0 days 00:00:21.849565,20.0,0.05,6,50,2.0,9.0,0.1,7,250,30.0,0.03,4,150,COMPLETE
86,0.02952358810423325,2026-07-20 16:07:10.819268,2026-07-20 16:07:31.279686,0 days 00:00:20.460418,20.0,0.05,6,50,2.0,8.0,0.05,7,250,20.0,0.03,4,150,COMPLETE
87,0.03886544609125253,2026-07-20 16:07:31.421629,2026-07-20 16:07:54.404424,0 days 00:00:22.982795,20.0,0.05,6,50,2.0,2.0,0.1,7,250,20.0,0.03,4,150,COMPLETE
88,0.035353688487310866,2026-07-20 16:07:54.508386,2026-07-20 16:08:12.813734,0 days 00:00:18.305348,20.0,0.05,6,50,2.0,4.0,0.1,7,200,15.0,0.03,3,150,COMPLETE
89,0.038679443805947206,2026-07-20 16:08:12.912744,2026-07-20 16:08:18.936776,0 days 00:00:06.024032,20.0,0.05,6,50,2.0,7.0,0.07,6,150,25.0,0.03,4,100,COMPLETE
90,0.04376454530467022,2026-07-20 16:08:19.044257,2026-07-20 16:08:42.154129,0 days 00:00:23.109872,20.0,0.05,6,50,2.0,3.0,0.1,7,250,20.0,0.03,3,150,COMPLETE
91,0.04376454530467022,2026-07-20 16:08:42.274430,2026-07-20 16:09:04.937434,0 days 00:00:22.663004,20.0,0.05,6,50,2.0,3.0,0.1,7,250,20.0,0.03,3,150,COMPLETE
92,0.04376454530467022,2026-07-20 16:09:05.062845,2026-07-20 16:09:27.048149,0 days 00:00:21.985304,20.0,0.05,6,50,2.0,3.0,0.1,7,250,20.0,0.03,3,150,COMPLETE
93,0.04376454530467022,2026-07-20 16:09:27.162820,2026-07-20 16:09:48.153533,0 days 00:00:20.990713,20.0,0.05,6,50,2.0,3.0,0.1,7,250,20.0,0.03,3,150,COMPLETE
94,0.04376454530467022,2026-07-20 16:09:48.271672,2026-07-20 16:10:09.637416,0 days 00:00:21.365744,20.0,0.05,6,50,2.0,3.0,0.1,7,250,20.0,0.03,3,150,COMPLETE
95,0.04376454530467022,2026-07-20 16:10:09.789305,2026-07-20 16:10:30.963738,0 days 00:00:21.174433,20.0,0.05,6,50,2.0,3.0,0.1,7,250,20.0,0.03,3,150,COMPLETE
96,0.04376454530467022,2026-07-20 16:10:31.103163,2026-07-20 16:10:52.259394,0 days 00:00:21.156231,20.0,0.05,6,50,2.0,3.0,0.1,7,250,20.0,0.03,3,150,COMPLETE
97,0.04376454530467022,2026-07-20 16:10:52.391404,2026-07-20 16:11:14.396366,0 days 00:00:22.004962,20.0,0.05,6,50,2.0,3.0,0.1,7,250,20.0,0.03,3,150,COMPLETE
98,0.03595615024839116,2026-07-20 16:11:14.521533,2026-07-20 16:11:36.095008,0 days 00:00:21.573475,5.0,0.05,6,50,2.0,3.0,0.09,7,250,20.0,0.03,3,150,COMPLETE
99,0.04376454530467022,2026-07-20 16:11:36.230031,2026-07-20 16:11:57.647174,0 days 00:00:21.417143,20.0,0.05,6,50,2.0,3.0,0.1,7,250,20.0,0.03,3,150,COMPLETE
